<?xml version="1.0" encoding="UTF-8"?>
<!-- Generated by org.testng.reporters.JUnitXMLReporter -->
<testsuite ignored="0" hostname="LAPTOP-HDDAT72K" failures="0" tests="11" name="Test" time="52.575" errors="0" timestamp="15 Jan 2022 20:24:35 GMT">
  <testcase classname="com.testng.TestNGFeatures" name="LoginTest" time="0.009"/>
  <testcase classname="com.testng.TestNGFeatures" name="HomePageTest" time="0.003"/>
  <testcase classname="com.testng.TestNGFeatures" name="SearchPage" time="0.003"/>
  <testcase classname="com.testng.TestNGBasics" name="GetGoogleLogo" time="0.005"/>
  <testcase classname="com.testng.TestNGBasics" name="GetGoogleText" time="0.004"/>
  <testcase classname="com.testng.TestNGBasics" name="GetGoogleTittleText" time="0.004"/>
  <testcase classname="com.testng.GoogleTest" name="googleTittleTest" time="0.017"/>
  <testcase classname="com.testng.GoogleTest" name="googleImageTest" time="0.152"/>
  <testcase classname="com.testng.GoogleTest" name="gmailLinkIsVisible" time="0.115"/>
  <testcase classname="com.testng.GoogleTest" name="test1" time="0.002"/>
  <testcase classname="com.testng.GoogleTest" name="test2" time="0.003"/>
</testsuite> <!-- Test -->
