<?xml version="1.0" encoding="UTF-8"?>
<testng-results ignored="0" total="1" passed="1" failed="0" skipped="0">
  <reporter-output>
  </reporter-output>
  <suite started-at="2022-04-11T19:50:51 IST" name="Default suite" finished-at="2022-04-11T19:50:51 IST" duration-ms="392">
    <groups>
    </groups>
    <test started-at="2022-04-11T19:50:51 IST" name="Default test" finished-at="2022-04-11T19:50:51 IST" duration-ms="392">
      <class name="database.ConnectMySQL">
        <test-method signature="testDB()[pri:0, instance:database.ConnectMySQL@1033576a]" started-at="2022-04-11T19:50:51 IST" name="testDB" finished-at="2022-04-11T19:50:51 IST" duration-ms="293" status="PASS">
          <reporter-output>
          </reporter-output>
        </test-method> <!-- testDB -->
      </class> <!-- database.ConnectMySQL -->
    </test> <!-- Default test -->
  </suite> <!-- Default suite -->
</testng-results>
